This is pdfTeX, Version 3.141592653-2.6-1.40.24 (MiKTeX 21.12) (preloaded format=pdflatex 2022.2.5)  26 MAY 2022 12:20
entering extended mode
 restricted \write18 enabled.
 %&-line parsing enabled.
**./greenAmmoniaFormulation.tex
(greenAmmoniaFormulation.tex
LaTeX2e <2021-11-15> patch level 1
L3 programming layer <2021-11-22> (D:\LaTeX\MikTeX\tex/latex/base\article.cls
Document Class: article 2021/10/04 v1.4n Standard LaTeX document class
(D:\LaTeX\MikTeX\tex/latex/base\size12.clo
File: size12.clo 2021/10/04 v1.4n Standard LaTeX file (size option)
)
\c@part=\count183
\c@section=\count184
\c@subsection=\count185
\c@subsubsection=\count186
\c@paragraph=\count187
\c@subparagraph=\count188
\c@figure=\count189
\c@table=\count190
\abovecaptionskip=\skip47
\belowcaptionskip=\skip48
\bibindent=\dimen138
)
(D:\LaTeX\MikTeX\tex/latex/amsmath\amsmath.sty
Package: amsmath 2021/10/15 v2.17l AMS math features
\@mathmargin=\skip49

For additional information on amsmath, use the `?' option.
(D:\LaTeX\MikTeX\tex/latex/amsmath\amstext.sty
Package: amstext 2021/08/26 v2.01 AMS text

(D:\LaTeX\MikTeX\tex/latex/amsmath\amsgen.sty
File: amsgen.sty 1999/11/30 v2.0 generic functions
\@emptytoks=\toks16
\ex@=\dimen139
))
(D:\LaTeX\MikTeX\tex/latex/amsmath\amsbsy.sty
Package: amsbsy 1999/11/29 v1.2d Bold Symbols
\pmbraise@=\dimen140
)
(D:\LaTeX\MikTeX\tex/latex/amsmath\amsopn.sty
Package: amsopn 2021/08/26 v2.02 operator names
)
\inf@bad=\count191
LaTeX Info: Redefining \frac on input line 234.
\uproot@=\count192
\leftroot@=\count193
LaTeX Info: Redefining \overline on input line 399.
\classnum@=\count194
\DOTSCASE@=\count195
LaTeX Info: Redefining \ldots on input line 496.
LaTeX Info: Redefining \dots on input line 499.
LaTeX Info: Redefining \cdots on input line 620.
\Mathstrutbox@=\box50
\strutbox@=\box51
\big@size=\dimen141
LaTeX Font Info:    Redeclaring font encoding OML on input line 743.
LaTeX Font Info:    Redeclaring font encoding OMS on input line 744.
\macc@depth=\count196
\c@MaxMatrixCols=\count197
\dotsspace@=\muskip16
\c@parentequation=\count198
\dspbrk@lvl=\count199
\tag@help=\toks17
\row@=\count266
\column@=\count267
\maxfields@=\count268
\andhelp@=\toks18
\eqnshift@=\dimen142
\alignsep@=\dimen143
\tagshift@=\dimen144
\tagwidth@=\dimen145
\totwidth@=\dimen146
\lineht@=\dimen147
\@envbody=\toks19
\multlinegap=\skip50
\multlinetaggap=\skip51
\mathdisplay@stack=\toks20
LaTeX Info: Redefining \[ on input line 2938.
LaTeX Info: Redefining \] on input line 2939.
)
(D:\LaTeX\MikTeX\tex/latex/l3backend\l3backend-pdftex.def
File: l3backend-pdftex.def 2021-10-18 L3 backend support: PDF output (pdfTeX)
\l__color_backend_stack_int=\count269
\l__pdf_internal_box=\box52
)
(greenAmmoniaFormulation.aux)
\openout1 = `greenAmmoniaFormulation.aux'.

LaTeX Font Info:    Checking defaults for OML/cmm/m/it on input line 4.
LaTeX Font Info:    ... okay on input line 4.
LaTeX Font Info:    Checking defaults for OMS/cmsy/m/n on input line 4.
LaTeX Font Info:    ... okay on input line 4.
LaTeX Font Info:    Checking defaults for OT1/cmr/m/n on input line 4.
LaTeX Font Info:    ... okay on input line 4.
LaTeX Font Info:    Checking defaults for T1/cmr/m/n on input line 4.
LaTeX Font Info:    ... okay on input line 4.
LaTeX Font Info:    Checking defaults for TS1/cmr/m/n on input line 4.
LaTeX Font Info:    ... okay on input line 4.
LaTeX Font Info:    Checking defaults for OMX/cmex/m/n on input line 4.
LaTeX Font Info:    ... okay on input line 4.
LaTeX Font Info:    Checking defaults for U/cmr/m/n on input line 4.
LaTeX Font Info:    ... okay on input line 4.

Overfull \hbox (96.59369pt too wide) in paragraph at lines 22--67
[] 
 []

[1

{C:/Users/julia/AppData/Local/MiKTeX/fonts/map/pdftex/pdftex.map}]
Overfull \vbox (80.47719pt too high) has occurred while \output is active []


[2]
Overfull \hbox (62.54665pt too wide) in paragraph at lines 70--94
[] 
 []


Overfull \hbox (14.04362pt too wide) detected at line 121
[]
 []

[3] [4]
Overfull \hbox (14.39163pt too wide) in paragraph at lines 173--174
[]\OT1/cmr/m/n/12 Objective: min-i-mize to-tal sys-tem op-er-at-ing costs of wi
nd,solar,electroyzer,
 []

[5] [6] [7] [8] (greenAmmoniaFormulation.aux) ) 
Here is how much of TeX's memory you used:
 1131 strings out of 478659
 17074 string characters out of 2859580
 336033 words of memory out of 3000000
 19290 multiletter control sequences out of 15000+600000
 409456 words of font info for 48 fonts, out of 8000000 for 9000
 1141 hyphenation exceptions out of 8191
 54i,13n,62p,437b,192s stack positions out of 5000i,500n,10000p,200000b,80000s
<D:/LaTeX/MikTeX/fonts/type1/pub
lic/amsfonts/cm/cmbx12.pfb><D:/LaTeX/MikTeX/fonts/type1/public/amsfonts/cm/cmex
10.pfb><D:/LaTeX/MikTeX/fonts/type1/public/amsfonts/cm/cmmi12.pfb><D:/LaTeX/Mik
TeX/fonts/type1/public/amsfonts/cm/cmmi6.pfb><D:/LaTeX/MikTeX/fonts/type1/publi
c/amsfonts/cm/cmmi8.pfb><D:/LaTeX/MikTeX/fonts/type1/public/amsfonts/cm/cmr12.p
fb><D:/LaTeX/MikTeX/fonts/type1/public/amsfonts/cm/cmr17.pfb><D:/LaTeX/MikTeX/f
onts/type1/public/amsfonts/cm/cmr8.pfb><D:/LaTeX/MikTeX/fonts/type1/public/amsf
onts/cm/cmsy10.pfb><D:/LaTeX/MikTeX/fonts/type1/public/amsfonts/cm/cmsy8.pfb><D
:/LaTeX/MikTeX/fonts/type1/public/amsfonts/cm/cmti12.pfb>
Output written on greenAmmoniaFormulation.pdf (8 pages, 144741 bytes).
PDF statistics:
 84 PDF objects out of 1000 (max. 8388607)
 0 named destinations out of 1000 (max. 500000)
 1 words of extra memory for PDF output out of 10000 (max. 10000000)

